{"C:\\Users\\JEET DANDAPAT\\OneDrive\\Desktop\\CCTech-Solid-Foundation-Course\\Day_10\\Day_09\\app.js": {"path":"C:\\Users\\JEET DANDAPAT\\OneDrive\\Desktop\\CCTech-Solid-Foundation-Course\\Day_10\\Day_09\\app.js","statementMap":{"0":{"start":{"line":4,"column":12},"end":{"line":4,"column":21}},"1":{"start":{"line":5,"column":13},"end":{"line":5,"column":17}},"2":{"start":{"line":7,"column":0},"end":{"line":7,"column":16}},"3":{"start":{"line":8,"column":0},"end":{"line":8,"column":24}},"4":{"start":{"line":10,"column":0},"end":{"line":13,"column":3}},"5":{"start":{"line":11,"column":2},"end":{"line":11,"column":35}},"6":{"start":{"line":12,"column":2},"end":{"line":12,"column":9}},"7":{"start":{"line":16,"column":15},"end":{"line":27,"column":1}},"8":{"start":{"line":30,"column":0},"end":{"line":38,"column":3}},"9":{"start":{"line":31,"column":2},"end":{"line":37,"column":3}},"10":{"start":{"line":32,"column":4},"end":{"line":32,"column":42}},"11":{"start":{"line":34,"column":4},"end":{"line":36,"column":7}},"12":{"start":{"line":42,"column":0},"end":{"line":72,"column":3}},"13":{"start":{"line":43,"column":2},"end":{"line":71,"column":3}},"14":{"start":{"line":44,"column":29},"end":{"line":44,"column":37}},"15":{"start":{"line":46,"column":4},"end":{"line":50,"column":5}},"16":{"start":{"line":47,"column":6},"end":{"line":49,"column":9}},"17":{"start":{"line":52,"column":4},"end":{"line":56,"column":5}},"18":{"start":{"line":53,"column":6},"end":{"line":55,"column":9}},"19":{"start":{"line":58,"column":23},"end":{"line":62,"column":5}},"20":{"start":{"line":64,"column":4},"end":{"line":64,"column":30}},"21":{"start":{"line":66,"column":4},"end":{"line":66,"column":44}},"22":{"start":{"line":68,"column":4},"end":{"line":70,"column":7}},"23":{"start":{"line":75,"column":0},"end":{"line":93,"column":3}},"24":{"start":{"line":76,"column":2},"end":{"line":92,"column":3}},"25":{"start":{"line":77,"column":15},"end":{"line":77,"column":36}},"26":{"start":{"line":79,"column":20},"end":{"line":79,"column":65}},"27":{"start":{"line":79,"column":47},"end":{"line":79,"column":64}},"28":{"start":{"line":81,"column":4},"end":{"line":85,"column":5}},"29":{"start":{"line":82,"column":6},"end":{"line":84,"column":9}},"30":{"start":{"line":87,"column":4},"end":{"line":87,"column":41}},"31":{"start":{"line":89,"column":4},"end":{"line":91,"column":7}},"32":{"start":{"line":96,"column":0},"end":{"line":123,"column":3}},"33":{"start":{"line":97,"column":2},"end":{"line":122,"column":3}},"34":{"start":{"line":98,"column":15},"end":{"line":98,"column":36}},"35":{"start":{"line":99,"column":23},"end":{"line":99,"column":31}},"36":{"start":{"line":101,"column":4},"end":{"line":105,"column":5}},"37":{"start":{"line":102,"column":6},"end":{"line":104,"column":9}},"38":{"start":{"line":107,"column":20},"end":{"line":107,"column":65}},"39":{"start":{"line":107,"column":47},"end":{"line":107,"column":64}},"40":{"start":{"line":109,"column":4},"end":{"line":113,"column":5}},"41":{"start":{"line":110,"column":6},"end":{"line":112,"column":9}},"42":{"start":{"line":115,"column":4},"end":{"line":115,"column":35}},"43":{"start":{"line":117,"column":4},"end":{"line":117,"column":41}},"44":{"start":{"line":119,"column":4},"end":{"line":121,"column":7}},"45":{"start":{"line":128,"column":0},"end":{"line":132,"column":1}},"46":{"start":{"line":129,"column":2},"end":{"line":131,"column":5}},"47":{"start":{"line":130,"column":4},"end":{"line":130,"column":62}}},"fnMap":{"0":{"name":"(anonymous_0)","decl":{"start":{"line":10,"column":8},"end":{"line":10,"column":9}},"loc":{"start":{"line":10,"column":28},"end":{"line":13,"column":1}},"line":10},"1":{"name":"(anonymous_1)","decl":{"start":{"line":30,"column":21},"end":{"line":30,"column":22}},"loc":{"start":{"line":30,"column":35},"end":{"line":38,"column":1}},"line":30},"2":{"name":"(anonymous_2)","decl":{"start":{"line":42,"column":22},"end":{"line":42,"column":23}},"loc":{"start":{"line":42,"column":36},"end":{"line":72,"column":1}},"line":42},"3":{"name":"(anonymous_3)","decl":{"start":{"line":75,"column":25},"end":{"line":75,"column":26}},"loc":{"start":{"line":75,"column":39},"end":{"line":93,"column":1}},"line":75},"4":{"name":"(anonymous_4)","decl":{"start":{"line":79,"column":34},"end":{"line":79,"column":35}},"loc":{"start":{"line":79,"column":47},"end":{"line":79,"column":64}},"line":79},"5":{"name":"(anonymous_5)","decl":{"start":{"line":96,"column":34},"end":{"line":96,"column":35}},"loc":{"start":{"line":96,"column":48},"end":{"line":123,"column":1}},"line":96},"6":{"name":"(anonymous_6)","decl":{"start":{"line":107,"column":34},"end":{"line":107,"column":35}},"loc":{"start":{"line":107,"column":47},"end":{"line":107,"column":64}},"line":107},"7":{"name":"(anonymous_7)","decl":{"start":{"line":129,"column":19},"end":{"line":129,"column":20}},"loc":{"start":{"line":129,"column":25},"end":{"line":131,"column":3}},"line":129}},"branchMap":{"0":{"loc":{"start":{"line":46,"column":4},"end":{"line":50,"column":5}},"type":"if","locations":[{"start":{"line":46,"column":4},"end":{"line":50,"column":5}},{"start":{},"end":{}}],"line":46},"1":{"loc":{"start":{"line":46,"column":8},"end":{"line":46,"column":54}},"type":"binary-expr","locations":[{"start":{"line":46,"column":8},"end":{"line":46,"column":32}},{"start":{"line":46,"column":36},"end":{"line":46,"column":54}}],"line":46},"2":{"loc":{"start":{"line":52,"column":4},"end":{"line":56,"column":5}},"type":"if","locations":[{"start":{"line":52,"column":4},"end":{"line":56,"column":5}},{"start":{},"end":{}}],"line":52},"3":{"loc":{"start":{"line":52,"column":8},"end":{"line":52,"column":58}},"type":"binary-expr","locations":[{"start":{"line":52,"column":8},"end":{"line":52,"column":28}},{"start":{"line":52,"column":32},"end":{"line":52,"column":58}}],"line":52},"4":{"loc":{"start":{"line":61,"column":14},"end":{"line":61,"column":47}},"type":"cond-expr","locations":[{"start":{"line":61,"column":23},"end":{"line":61,"column":36}},{"start":{"line":61,"column":39},"end":{"line":61,"column":47}}],"line":61},"5":{"loc":{"start":{"line":81,"column":4},"end":{"line":85,"column":5}},"type":"if","locations":[{"start":{"line":81,"column":4},"end":{"line":85,"column":5}},{"start":{},"end":{}}],"line":81},"6":{"loc":{"start":{"line":101,"column":4},"end":{"line":105,"column":5}},"type":"if","locations":[{"start":{"line":101,"column":4},"end":{"line":105,"column":5}},{"start":{},"end":{}}],"line":101},"7":{"loc":{"start":{"line":101,"column":8},"end":{"line":101,"column":58}},"type":"binary-expr","locations":[{"start":{"line":101,"column":8},"end":{"line":101,"column":34}},{"start":{"line":101,"column":38},"end":{"line":101,"column":58}}],"line":101},"8":{"loc":{"start":{"line":109,"column":4},"end":{"line":113,"column":5}},"type":"if","locations":[{"start":{"line":109,"column":4},"end":{"line":113,"column":5}},{"start":{},"end":{}}],"line":109},"9":{"loc":{"start":{"line":128,"column":0},"end":{"line":132,"column":1}},"type":"if","locations":[{"start":{"line":128,"column":0},"end":{"line":132,"column":1}},{"start":{},"end":{}}],"line":128}},"s":{"0":1,"1":1,"2":1,"3":1,"4":1,"5":9,"6":9,"7":1,"8":1,"9":1,"10":1,"11":0,"12":1,"13":3,"14":3,"15":3,"16":1,"17":2,"18":1,"19":1,"20":1,"21":1,"22":0,"23":1,"24":2,"25":2,"26":2,"27":3,"28":2,"29":1,"30":1,"31":0,"32":1,"33":3,"34":3,"35":3,"36":3,"37":1,"38":2,"39":4,"40":2,"41":1,"42":1,"43":1,"44":0,"45":1,"46":0,"47":0},"f":{"0":9,"1":1,"2":3,"3":2,"4":3,"5":3,"6":4,"7":0},"b":{"0":[1,2],"1":[3,2],"2":[1,1],"3":[2,2],"4":[1,0],"5":[1,1],"6":[1,2],"7":[3,3],"8":[1,1],"9":[0,1]},"_coverageSchema":"1a1c01bbd47fc00a2c39e90264f33305004495a9","hash":"991f8ef5005a89deaa0b5c202041df547fe00968"}
}
