TN:
SF:app.js
FN:10,(anonymous_0)
FN:30,(anonymous_1)
FN:42,(anonymous_2)
FN:75,(anonymous_3)
FN:79,(anonymous_4)
FN:96,(anonymous_5)
FN:107,(anonymous_6)
FN:129,(anonymous_7)
FNF:8
FNH:7
FNDA:9,(anonymous_0)
FNDA:1,(anonymous_1)
FNDA:3,(anonymous_2)
FNDA:2,(anonymous_3)
FNDA:3,(anonymous_4)
FNDA:3,(anonymous_5)
FNDA:4,(anonymous_6)
FNDA:0,(anonymous_7)
DA:4,1
DA:5,1
DA:7,1
DA:8,1
DA:10,1
DA:11,9
DA:12,9
DA:16,1
DA:30,1
DA:31,1
DA:32,1
DA:34,0
DA:42,1
DA:43,3
DA:44,3
DA:46,3
DA:47,1
DA:52,2
DA:53,1
DA:58,1
DA:64,1
DA:66,1
DA:68,0
DA:75,1
DA:76,2
DA:77,2
DA:79,3
DA:81,2
DA:82,1
DA:87,1
DA:89,0
DA:96,1
DA:97,3
DA:98,3
DA:99,3
DA:101,3
DA:102,1
DA:107,4
DA:109,2
DA:110,1
DA:115,1
DA:117,1
DA:119,0
DA:128,1
DA:129,0
DA:130,0
LF:46
LH:40
BRDA:46,0,0,1
BRDA:46,0,1,2
BRDA:46,1,0,3
BRDA:46,1,1,2
BRDA:52,2,0,1
BRDA:52,2,1,1
BRDA:52,3,0,2
BRDA:52,3,1,2
BRDA:61,4,0,1
BRDA:61,4,1,0
BRDA:81,5,0,1
BRDA:81,5,1,1
BRDA:101,6,0,1
BRDA:101,6,1,2
BRDA:101,7,0,3
BRDA:101,7,1,3
BRDA:109,8,0,1
BRDA:109,8,1,1
BRDA:128,9,0,0
BRDA:128,9,1,1
BRF:20
BRH:18
end_of_record
